[16:39:37] [main/INFO] (FabricLoader/GameProvider) Loading Minecraft 1.20.1 with Fabric Loader 0.15.11
[16:39:38] [main/WARN] (FabricLoader/Resolution) Warnings were found!
 - Mod 'LambDynamicLights' (lambdynlights) 2.3.2+1.20.1 recommends version 0.19.1 or later of quilt_loader, which is missing!
	 - You should install version 0.19.1 or later of quilt_loader for the optimal experience.
[16:39:38] [main/INFO] (FabricLoader) Loading 76 mods:
	- continuity 3.0.0-beta.4+1.20.1
	- entity_model_features 2.0.2
	- entity_texture_features 6.0.1
	   \-- org_apache_httpcomponents_httpmime 4.5.10
	- fabric-api 0.92.1+1.20.1
	- fabric-api-base 0.4.31+1802ada577
	- fabric-api-lookup-api-v1 1.6.36+1802ada577
	- fabric-biome-api-v1 13.0.13+1802ada577
	- fabric-block-api-v1 1.0.11+1802ada577
	- fabric-block-view-api-v2 1.0.1+1802ada577
	- fabric-blockrenderlayer-v1 1.1.41+1802ada577
	- fabric-client-tags-api-v1 1.1.2+1802ada577
	- fabric-command-api-v1 1.2.34+f71b366f77
	- fabric-command-api-v2 2.2.13+1802ada577
	- fabric-commands-v0 0.2.51+df3654b377
	- fabric-containers-v0 0.1.64+df3654b377
	- fabric-content-registries-v0 4.0.11+1802ada577
	- fabric-convention-tags-v1 1.5.5+1802ada577
	- fabric-crash-report-info-v1 0.2.19+1802ada577
	- fabric-data-attachment-api-v1 1.0.0+de0fd6d177
	- fabric-data-generation-api-v1 12.3.4+1802ada577
	- fabric-dimensions-v1 2.1.54+1802ada577
	- fabric-entity-events-v1 1.6.0+1c78457f77
	- fabric-events-interaction-v0 0.6.2+1802ada577
	- fabric-events-lifecycle-v0 0.2.63+df3654b377
	- fabric-game-rule-api-v1 1.0.40+1802ada577
	- fabric-gametest-api-v1 1.2.13+1802ada577
	- fabric-item-api-v1 2.1.28+1802ada577
	- fabric-item-group-api-v1 4.0.12+1802ada577
	- fabric-key-binding-api-v1 1.0.37+1802ada577
	- fabric-keybindings-v0 0.2.35+df3654b377
	- fabric-lifecycle-events-v1 2.2.22+1802ada577
	- fabric-loot-api-v2 1.2.1+1802ada577
	- fabric-loot-tables-v1 1.1.45+9e7660c677
	- fabric-message-api-v1 5.1.9+1802ada577
	- fabric-mining-level-api-v1 2.1.50+1802ada577
	- fabric-model-loading-api-v1 1.0.3+1802ada577
	- fabric-models-v0 0.4.2+9386d8a777
	- fabric-networking-api-v1 1.3.11+1802ada577
	- fabric-networking-v0 0.3.51+df3654b377
	- fabric-object-builder-api-v1 11.1.3+1802ada577
	- fabric-particles-v1 1.1.2+1802ada577
	- fabric-recipe-api-v1 1.0.21+1802ada577
	- fabric-registry-sync-v0 2.3.3+1802ada577
	- fabric-renderer-api-v1 3.2.1+1802ada577
	- fabric-renderer-indigo 1.5.1+1802ada577
	- fabric-renderer-registries-v1 3.2.46+df3654b377
	- fabric-rendering-data-attachment-v1 0.3.37+92a0d36777
	- fabric-rendering-fluids-v1 3.0.28+1802ada577
	- fabric-rendering-v0 1.1.49+df3654b377
	- fabric-rendering-v1 3.0.8+1802ada577
	- fabric-resource-conditions-api-v1 2.3.8+1802ada577
	- fabric-resource-loader-v0 0.11.10+1802ada577
	- fabric-screen-api-v1 2.0.8+1802ada577
	- fabric-screen-handler-api-v1 1.3.30+1802ada577
	- fabric-sound-api-v1 1.0.13+1802ada577
	- fabric-transfer-api-v1 3.3.5+8dd72ea377
	- fabric-transitive-access-wideners-v1 4.3.1+1802ada577
	- fabricloader 0.15.11
	- iris 1.7.0+mc1.20.1
	   |-- io_github_douira_glsl-transformer 2.0.0-pre13
	   |-- org_anarres_jcpp 1.4.14
	   \-- org_antlr_antlr4-runtime 4.11.1
	- jade 11.9.0+fabric
	- java 17
	- lambdynlights 2.3.2+1.20.1
	   |-- pride 1.2.0+1.19.4
	   \-- spruceui 5.0.0+1.20
	- minecraft 1.20.1
	- mixinextras 0.3.5
	- modmenu 7.2.2
	- narutoasimod 0.0.1-1.20.1
	- shulkerboxtooltip 4.0.4+1.20.1
	   \-- cloth-config 11.0.99
	        \-- cloth-basic-math 0.6.1
	- sodium 0.5.8+mc1.20.1
[16:39:42] [main/WARN] (FabricLoader/ModRemap) Error deleting temporary input jar true
java.nio.file.FileSystemException: C:\Users\Pc\Desktop\[PROJELER]\[  MINECRAFT]\HIMANA - NARUTO - FABRIC\run\.fabric\tmp\spruceui8120128510369472478.jar: Dosya baþka bir iþlem tarafýndan kullanýldýðýndan bu iþlem dosyaya eriþemiyor
	at sun.nio.fs.WindowsException.translateToIOException(WindowsException.java:92) ~[?:?]
	at sun.nio.fs.WindowsException.rethrowAsIOException(WindowsException.java:103) ~[?:?]
	at sun.nio.fs.WindowsException.rethrowAsIOException(WindowsException.java:108) ~[?:?]
	at sun.nio.fs.WindowsFileSystemProvider.implDelete(WindowsFileSystemProvider.java:275) ~[?:?]
	at sun.nio.fs.AbstractFileSystemProvider.deleteIfExists(AbstractFileSystemProvider.java:110) ~[?:?]
	at java.nio.file.Files.deleteIfExists(Files.java:1191) ~[?:?]
	at net.fabricmc.loader.impl.discovery.RuntimeModRemapper.remap(RuntimeModRemapper.java:194) ~[fabric-loader-0.15.11.jar:?]
	at net.fabricmc.loader.impl.FabricLoaderImpl.setup(FabricLoaderImpl.java:242) ~[fabric-loader-0.15.11.jar:?]
	at net.fabricmc.loader.impl.FabricLoaderImpl.load(FabricLoaderImpl.java:192) ~[fabric-loader-0.15.11.jar:?]
	at net.fabricmc.loader.impl.launch.knot.Knot.init(Knot.java:146) ~[fabric-loader-0.15.11.jar:?]
	at net.fabricmc.loader.impl.launch.knot.Knot.launch(Knot.java:68) ~[fabric-loader-0.15.11.jar:?]
	at net.fabricmc.loader.impl.launch.knot.KnotClient.main(KnotClient.java:23) ~[fabric-loader-0.15.11.jar:?]
	at net.fabricmc.devlaunchinjector.Main.main(Main.java:86) ~[?:?]
[16:39:42] [main/WARN] (FabricLoader/ModRemap) Error deleting temporary input jar true
java.nio.file.FileSystemException: C:\Users\Pc\Desktop\[PROJELER]\[  MINECRAFT]\HIMANA - NARUTO - FABRIC\run\.fabric\tmp\org_apache_httpcomponents_httpmime11939833408019929594.jar: Dosya baþka bir iþlem tarafýndan kullanýldýðýndan bu iþlem dosyaya eriþemiyor
	at sun.nio.fs.WindowsException.translateToIOException(WindowsException.java:92) ~[?:?]
	at sun.nio.fs.WindowsException.rethrowAsIOException(WindowsException.java:103) ~[?:?]
	at sun.nio.fs.WindowsException.rethrowAsIOException(WindowsException.java:108) ~[?:?]
	at sun.nio.fs.WindowsFileSystemProvider.implDelete(WindowsFileSystemProvider.java:275) ~[?:?]
	at sun.nio.fs.AbstractFileSystemProvider.deleteIfExists(AbstractFileSystemProvider.java:110) ~[?:?]
	at java.nio.file.Files.deleteIfExists(Files.java:1191) ~[?:?]
	at net.fabricmc.loader.impl.discovery.RuntimeModRemapper.remap(RuntimeModRemapper.java:194) ~[fabric-loader-0.15.11.jar:?]
	at net.fabricmc.loader.impl.FabricLoaderImpl.setup(FabricLoaderImpl.java:242) ~[fabric-loader-0.15.11.jar:?]
	at net.fabricmc.loader.impl.FabricLoaderImpl.load(FabricLoaderImpl.java:192) ~[fabric-loader-0.15.11.jar:?]
	at net.fabricmc.loader.impl.launch.knot.Knot.init(Knot.java:146) ~[fabric-loader-0.15.11.jar:?]
	at net.fabricmc.loader.impl.launch.knot.Knot.launch(Knot.java:68) ~[fabric-loader-0.15.11.jar:?]
	at net.fabricmc.loader.impl.launch.knot.KnotClient.main(KnotClient.java:23) ~[fabric-loader-0.15.11.jar:?]
	at net.fabricmc.devlaunchinjector.Main.main(Main.java:86) ~[?:?]
[16:39:42] [main/WARN] (FabricLoader/ModRemap) Error deleting temporary input jar true
java.nio.file.FileSystemException: C:\Users\Pc\Desktop\[PROJELER]\[  MINECRAFT]\HIMANA - NARUTO - FABRIC\run\.fabric\tmp\org_anarres_jcpp10711563461615002193.jar: Dosya baþka bir iþlem tarafýndan kullanýldýðýndan bu iþlem dosyaya eriþemiyor
	at sun.nio.fs.WindowsException.translateToIOException(WindowsException.java:92) ~[?:?]
	at sun.nio.fs.WindowsException.rethrowAsIOException(WindowsException.java:103) ~[?:?]
	at sun.nio.fs.WindowsException.rethrowAsIOException(WindowsException.java:108) ~[?:?]
	at sun.nio.fs.WindowsFileSystemProvider.implDelete(WindowsFileSystemProvider.java:275) ~[?:?]
	at sun.nio.fs.AbstractFileSystemProvider.deleteIfExists(AbstractFileSystemProvider.java:110) ~[?:?]
	at java.nio.file.Files.deleteIfExists(Files.java:1191) ~[?:?]
	at net.fabricmc.loader.impl.discovery.RuntimeModRemapper.remap(RuntimeModRemapper.java:194) ~[fabric-loader-0.15.11.jar:?]
	at net.fabricmc.loader.impl.FabricLoaderImpl.setup(FabricLoaderImpl.java:242) ~[fabric-loader-0.15.11.jar:?]
	at net.fabricmc.loader.impl.FabricLoaderImpl.load(FabricLoaderImpl.java:192) ~[fabric-loader-0.15.11.jar:?]
	at net.fabricmc.loader.impl.launch.knot.Knot.init(Knot.java:146) ~[fabric-loader-0.15.11.jar:?]
	at net.fabricmc.loader.impl.launch.knot.Knot.launch(Knot.java:68) ~[fabric-loader-0.15.11.jar:?]
	at net.fabricmc.loader.impl.launch.knot.KnotClient.main(KnotClient.java:23) ~[fabric-loader-0.15.11.jar:?]
	at net.fabricmc.devlaunchinjector.Main.main(Main.java:86) ~[?:?]
[16:39:42] [main/WARN] (FabricLoader/ModRemap) Error deleting temporary input jar true
java.nio.file.FileSystemException: C:\Users\Pc\Desktop\[PROJELER]\[  MINECRAFT]\HIMANA - NARUTO - FABRIC\run\.fabric\tmp\org_antlr_antlr4-runtime3338572163315144617.jar: Dosya baþka bir iþlem tarafýndan kullanýldýðýndan bu iþlem dosyaya eriþemiyor
	at sun.nio.fs.WindowsException.translateToIOException(WindowsException.java:92) ~[?:?]
	at sun.nio.fs.WindowsException.rethrowAsIOException(WindowsException.java:103) ~[?:?]
	at sun.nio.fs.WindowsException.rethrowAsIOException(WindowsException.java:108) ~[?:?]
	at sun.nio.fs.WindowsFileSystemProvider.implDelete(WindowsFileSystemProvider.java:275) ~[?:?]
	at sun.nio.fs.AbstractFileSystemProvider.deleteIfExists(AbstractFileSystemProvider.java:110) ~[?:?]
	at java.nio.file.Files.deleteIfExists(Files.java:1191) ~[?:?]
	at net.fabricmc.loader.impl.discovery.RuntimeModRemapper.remap(RuntimeModRemapper.java:194) ~[fabric-loader-0.15.11.jar:?]
	at net.fabricmc.loader.impl.FabricLoaderImpl.setup(FabricLoaderImpl.java:242) ~[fabric-loader-0.15.11.jar:?]
	at net.fabricmc.loader.impl.FabricLoaderImpl.load(FabricLoaderImpl.java:192) ~[fabric-loader-0.15.11.jar:?]
	at net.fabricmc.loader.impl.launch.knot.Knot.init(Knot.java:146) ~[fabric-loader-0.15.11.jar:?]
	at net.fabricmc.loader.impl.launch.knot.Knot.launch(Knot.java:68) ~[fabric-loader-0.15.11.jar:?]
	at net.fabricmc.loader.impl.launch.knot.KnotClient.main(KnotClient.java:23) ~[fabric-loader-0.15.11.jar:?]
	at net.fabricmc.devlaunchinjector.Main.main(Main.java:86) ~[?:?]
[16:39:42] [main/WARN] (FabricLoader/ModRemap) Error deleting temporary input jar true
java.nio.file.FileSystemException: C:\Users\Pc\Desktop\[PROJELER]\[  MINECRAFT]\HIMANA - NARUTO - FABRIC\run\.fabric\tmp\io_github_douira_glsl-transformer12704261646548631325.jar: Dosya baþka bir iþlem tarafýndan kullanýldýðýndan bu iþlem dosyaya eriþemiyor
	at sun.nio.fs.WindowsException.translateToIOException(WindowsException.java:92) ~[?:?]
	at sun.nio.fs.WindowsException.rethrowAsIOException(WindowsException.java:103) ~[?:?]
	at sun.nio.fs.WindowsException.rethrowAsIOException(WindowsException.java:108) ~[?:?]
	at sun.nio.fs.WindowsFileSystemProvider.implDelete(WindowsFileSystemProvider.java:275) ~[?:?]
	at sun.nio.fs.AbstractFileSystemProvider.deleteIfExists(AbstractFileSystemProvider.java:110) ~[?:?]
	at java.nio.file.Files.deleteIfExists(Files.java:1191) ~[?:?]
	at net.fabricmc.loader.impl.discovery.RuntimeModRemapper.remap(RuntimeModRemapper.java:194) ~[fabric-loader-0.15.11.jar:?]
	at net.fabricmc.loader.impl.FabricLoaderImpl.setup(FabricLoaderImpl.java:242) ~[fabric-loader-0.15.11.jar:?]
	at net.fabricmc.loader.impl.FabricLoaderImpl.load(FabricLoaderImpl.java:192) ~[fabric-loader-0.15.11.jar:?]
	at net.fabricmc.loader.impl.launch.knot.Knot.init(Knot.java:146) ~[fabric-loader-0.15.11.jar:?]
	at net.fabricmc.loader.impl.launch.knot.Knot.launch(Knot.java:68) ~[fabric-loader-0.15.11.jar:?]
	at net.fabricmc.loader.impl.launch.knot.KnotClient.main(KnotClient.java:23) ~[fabric-loader-0.15.11.jar:?]
	at net.fabricmc.devlaunchinjector.Main.main(Main.java:86) ~[?:?]
[16:39:42] [main/WARN] (FabricLoader/ModRemap) Error deleting temporary input jar true
java.nio.file.FileSystemException: C:\Users\Pc\Desktop\[PROJELER]\[  MINECRAFT]\HIMANA - NARUTO - FABRIC\run\.fabric\tmp\cloth-config11811657505353021799.jar: Dosya baþka bir iþlem tarafýndan kullanýldýðýndan bu iþlem dosyaya eriþemiyor
	at sun.nio.fs.WindowsException.translateToIOException(WindowsException.java:92) ~[?:?]
	at sun.nio.fs.WindowsException.rethrowAsIOException(WindowsException.java:103) ~[?:?]
	at sun.nio.fs.WindowsException.rethrowAsIOException(WindowsException.java:108) ~[?:?]
	at sun.nio.fs.WindowsFileSystemProvider.implDelete(WindowsFileSystemProvider.java:275) ~[?:?]
	at sun.nio.fs.AbstractFileSystemProvider.deleteIfExists(AbstractFileSystemProvider.java:110) ~[?:?]
	at java.nio.file.Files.deleteIfExists(Files.java:1191) ~[?:?]
	at net.fabricmc.loader.impl.discovery.RuntimeModRemapper.remap(RuntimeModRemapper.java:194) ~[fabric-loader-0.15.11.jar:?]
	at net.fabricmc.loader.impl.FabricLoaderImpl.setup(FabricLoaderImpl.java:242) ~[fabric-loader-0.15.11.jar:?]
	at net.fabricmc.loader.impl.FabricLoaderImpl.load(FabricLoaderImpl.java:192) ~[fabric-loader-0.15.11.jar:?]
	at net.fabricmc.loader.impl.launch.knot.Knot.init(Knot.java:146) ~[fabric-loader-0.15.11.jar:?]
	at net.fabricmc.loader.impl.launch.knot.Knot.launch(Knot.java:68) ~[fabric-loader-0.15.11.jar:?]
	at net.fabricmc.loader.impl.launch.knot.KnotClient.main(KnotClient.java:23) ~[fabric-loader-0.15.11.jar:?]
	at net.fabricmc.devlaunchinjector.Main.main(Main.java:86) ~[?:?]
[16:39:42] [main/WARN] (FabricLoader/ModRemap) Error deleting temporary input jar true
java.nio.file.FileSystemException: C:\Users\Pc\Desktop\[PROJELER]\[  MINECRAFT]\HIMANA - NARUTO - FABRIC\run\.fabric\tmp\pride17819227030345118103.jar: Dosya baþka bir iþlem tarafýndan kullanýldýðýndan bu iþlem dosyaya eriþemiyor
	at sun.nio.fs.WindowsException.translateToIOException(WindowsException.java:92) ~[?:?]
	at sun.nio.fs.WindowsException.rethrowAsIOException(WindowsException.java:103) ~[?:?]
	at sun.nio.fs.WindowsException.rethrowAsIOException(WindowsException.java:108) ~[?:?]
	at sun.nio.fs.WindowsFileSystemProvider.implDelete(WindowsFileSystemProvider.java:275) ~[?:?]
	at sun.nio.fs.AbstractFileSystemProvider.deleteIfExists(AbstractFileSystemProvider.java:110) ~[?:?]
	at java.nio.file.Files.deleteIfExists(Files.java:1191) ~[?:?]
	at net.fabricmc.loader.impl.discovery.RuntimeModRemapper.remap(RuntimeModRemapper.java:194) ~[fabric-loader-0.15.11.jar:?]
	at net.fabricmc.loader.impl.FabricLoaderImpl.setup(FabricLoaderImpl.java:242) ~[fabric-loader-0.15.11.jar:?]
	at net.fabricmc.loader.impl.FabricLoaderImpl.load(FabricLoaderImpl.java:192) ~[fabric-loader-0.15.11.jar:?]
	at net.fabricmc.loader.impl.launch.knot.Knot.init(Knot.java:146) ~[fabric-loader-0.15.11.jar:?]
	at net.fabricmc.loader.impl.launch.knot.Knot.launch(Knot.java:68) ~[fabric-loader-0.15.11.jar:?]
	at net.fabricmc.loader.impl.launch.knot.KnotClient.main(KnotClient.java:23) ~[fabric-loader-0.15.11.jar:?]
	at net.fabricmc.devlaunchinjector.Main.main(Main.java:86) ~[?:?]
[16:39:42] [main/WARN] (FabricLoader/ModRemap) Error deleting temporary input jar true
java.nio.file.FileSystemException: C:\Users\Pc\Desktop\[PROJELER]\[  MINECRAFT]\HIMANA - NARUTO - FABRIC\run\.fabric\tmp\cloth-basic-math9686494199562990553.jar: Dosya baþka bir iþlem tarafýndan kullanýldýðýndan bu iþlem dosyaya eriþemiyor
	at sun.nio.fs.WindowsException.translateToIOException(WindowsException.java:92) ~[?:?]
	at sun.nio.fs.WindowsException.rethrowAsIOException(WindowsException.java:103) ~[?:?]
	at sun.nio.fs.WindowsException.rethrowAsIOException(WindowsException.java:108) ~[?:?]
	at sun.nio.fs.WindowsFileSystemProvider.implDelete(WindowsFileSystemProvider.java:275) ~[?:?]
	at sun.nio.fs.AbstractFileSystemProvider.deleteIfExists(AbstractFileSystemProvider.java:110) ~[?:?]
	at java.nio.file.Files.deleteIfExists(Files.java:1191) ~[?:?]
	at net.fabricmc.loader.impl.discovery.RuntimeModRemapper.remap(RuntimeModRemapper.java:194) ~[fabric-loader-0.15.11.jar:?]
	at net.fabricmc.loader.impl.FabricLoaderImpl.setup(FabricLoaderImpl.java:242) ~[fabric-loader-0.15.11.jar:?]
	at net.fabricmc.loader.impl.FabricLoaderImpl.load(FabricLoaderImpl.java:192) ~[fabric-loader-0.15.11.jar:?]
	at net.fabricmc.loader.impl.launch.knot.Knot.init(Knot.java:146) ~[fabric-loader-0.15.11.jar:?]
	at net.fabricmc.loader.impl.launch.knot.Knot.launch(Knot.java:68) ~[fabric-loader-0.15.11.jar:?]
	at net.fabricmc.loader.impl.launch.knot.KnotClient.main(KnotClient.java:23) ~[fabric-loader-0.15.11.jar:?]
	at net.fabricmc.devlaunchinjector.Main.main(Main.java:86) ~[?:?]
[16:39:43] [main/INFO] (FabricLoader/Mixin) SpongePowered MIXIN Subsystem Version=0.8.5 Source=file:/C:/Users/Pc/.gradle/caches/modules-2/files-2.1/net.fabricmc/sponge-mixin/0.13.3+mixin.0.8.5/9527e6b0d2449408958fd1302594dc65ec5ade9c/sponge-mixin-0.13.3+mixin.0.8.5.jar Service=Knot/Fabric Env=CLIENT
[16:39:43] [main/INFO] (FabricLoader/Mixin) Loaded Fabric development mappings for mixin remapper!
[16:39:43] [main/INFO] (FabricLoader/Mixin) Compatibility level set to JAVA_16
[16:39:43] [main/INFO] (FabricLoader/Mixin) Compatibility level set to JAVA_17
[16:39:44] [main/INFO] (Sodium) Loaded configuration file for Sodium: 42 options available, 3 override(s) found
[16:39:44] [main/WARN] (Sodium) Force-disabling mixin 'features.render.entity.CuboidMixin' as rule 'mixin.features.render.entity' (added by mods [iris]) disables it and children
[16:39:44] [main/WARN] (Sodium) Force-disabling mixin 'features.render.entity.ModelPartMixin' as rule 'mixin.features.render.entity' (added by mods [iris]) disables it and children
[16:39:44] [main/WARN] (Sodium) Force-disabling mixin 'features.render.entity.cull.EntityRendererMixin' as rule 'mixin.features.render.entity' (added by mods [iris]) disables it and children
[16:39:44] [main/WARN] (Sodium) Force-disabling mixin 'features.render.entity.shadows.EntityRenderDispatcherMixin' as rule 'mixin.features.render.entity' (added by mods [iris]) disables it and children
[16:39:44] [main/WARN] (Sodium) Force-disabling mixin 'features.render.gui.font.GlyphRendererMixin' as rule 'mixin.features.render.gui.font' (added by mods [iris]) disables it and children
[16:39:44] [main/WARN] (Sodium) Force-disabling mixin 'features.render.world.sky.BackgroundRendererMixin' as rule 'mixin.features.render.world.sky' (added by mods [iris]) disables it and children
[16:39:44] [main/WARN] (Sodium) Force-disabling mixin 'features.render.world.sky.ClientWorldMixin' as rule 'mixin.features.render.world.sky' (added by mods [iris]) disables it and children
[16:39:44] [main/WARN] (Sodium) Force-disabling mixin 'features.render.world.sky.WorldRendererMixin' as rule 'mixin.features.render.world.sky' (added by mods [iris]) disables it and children
[16:39:44] [main/WARN] (FabricLoader/Mixin) Error loading class: net/raphimc/immediatelyfast/feature/core/ImmediateAdapter (java.lang.ClassNotFoundException: net/raphimc/immediatelyfast/feature/core/ImmediateAdapter)
[16:39:44] [main/WARN] (FabricLoader/Mixin) Error loading class: net/coderbot/batchedentityrendering/impl/FullyBufferedMultiBufferSource (java.lang.ClassNotFoundException: net/coderbot/batchedentityrendering/impl/FullyBufferedMultiBufferSource)
[16:39:44] [main/WARN] (FabricLoader/Mixin) Error loading class: net/coderbot/iris/layer/InnerWrappedRenderType (java.lang.ClassNotFoundException: net/coderbot/iris/layer/InnerWrappedRenderType)
[16:39:44] [main/WARN] (FabricLoader/Mixin) Error loading class: net/coderbot/iris/layer/OuterWrappedRenderType (java.lang.ClassNotFoundException: net/coderbot/iris/layer/OuterWrappedRenderType)
[16:39:44] [main/WARN] (FabricLoader/Mixin) Error loading class: dev/tr7zw/skinlayers/render/CustomizableModelPart (java.lang.ClassNotFoundException: dev/tr7zw/skinlayers/render/CustomizableModelPart)
[16:39:44] [main/INFO] (Sodium-GraphicsAdapterProbe) Searching for graphics cards...
[16:39:45] [main/INFO] (Sodium-GraphicsAdapterProbe) Found graphics card: GraphicsAdapterInfo[vendor=NVIDIA, name=NVIDIA GeForce RTX 3060, version=DriverVersion=31.0.15.5161]
[16:39:45] [main/WARN] (Sodium-Workarounds) Sodium has applied one or more workarounds to prevent crashes or other issues on your system: [NVIDIA_THREADED_OPTIMIZATIONS]
[16:39:45] [main/WARN] (Sodium-Workarounds) This is not necessarily an issue, but it may result in certain features or optimizations being disabled. You can sometimes fix these issues by upgrading your graphics driver.
[16:39:45] [main/INFO] (FabricLoader/MixinExtras|Service) Initializing MixinExtras via com.llamalad7.mixinextras.service.MixinExtrasServiceImpl(version=0.3.5).
[16:39:50] [Datafixer Bootstrap/INFO] (Minecraft) 188 Datafixer optimizations took 118 milliseconds
[16:39:52] [Render thread/INFO] (Minecraft) Environment: authHost='https://authserver.mojang.com', accountsHost='https://api.mojang.com', sessionHost='https://sessionserver.mojang.com', servicesHost='https://api.minecraftservices.com', name='PROD'
[16:39:53] [Render thread/ERROR] (Minecraft) Failed to verify authentication
com.mojang.authlib.exceptions.InvalidCredentialsException: Status: 401
	at com.mojang.authlib.exceptions.MinecraftClientHttpException.toAuthenticationException(MinecraftClientHttpException.java:56) ~[authlib-4.0.43.jar:?]
	at com.mojang.authlib.yggdrasil.YggdrasilUserApiService.fetchProperties(YggdrasilUserApiService.java:156) ~[authlib-4.0.43.jar:?]
	at com.mojang.authlib.yggdrasil.YggdrasilUserApiService.<init>(YggdrasilUserApiService.java:55) ~[authlib-4.0.43.jar:?]
	at com.mojang.authlib.yggdrasil.YggdrasilAuthenticationService.createUserApiService(YggdrasilAuthenticationService.java:124) ~[authlib-4.0.43.jar:?]
	at net.minecraft.client.MinecraftClient.createUserApiService(MinecraftClient.java:712) ~[minecraft-merged-7787b014d4-1.20.1-net.fabricmc.yarn.1_20_1.1.20.1+build.10-v2.jar:?]
	at net.minecraft.client.MinecraftClient.<init>(MinecraftClient.java:507) ~[minecraft-merged-7787b014d4-1.20.1-net.fabricmc.yarn.1_20_1.1.20.1+build.10-v2.jar:?]
	at net.minecraft.client.main.Main.main(Main.java:191) ~[minecraft-merged-7787b014d4-1.20.1-net.fabricmc.yarn.1_20_1.1.20.1+build.10-v2.jar:?]
	at net.fabricmc.loader.impl.game.minecraft.MinecraftGameProvider.launch(MinecraftGameProvider.java:470) ~[fabric-loader-0.15.11.jar:?]
	at net.fabricmc.loader.impl.launch.knot.Knot.launch(Knot.java:74) ~[fabric-loader-0.15.11.jar:?]
	at net.fabricmc.loader.impl.launch.knot.KnotClient.main(KnotClient.java:23) ~[fabric-loader-0.15.11.jar:?]
	at net.fabricmc.devlaunchinjector.Main.main(Main.java:86) ~[dev-launch-injector-0.2.1+build.8.jar:?]
Caused by: com.mojang.authlib.exceptions.MinecraftClientHttpException: Status: 401
	at com.mojang.authlib.minecraft.client.MinecraftClient.readInputStream(MinecraftClient.java:85) ~[authlib-4.0.43.jar:?]
	at com.mojang.authlib.minecraft.client.MinecraftClient.get(MinecraftClient.java:48) ~[authlib-4.0.43.jar:?]
	at com.mojang.authlib.yggdrasil.YggdrasilUserApiService.fetchProperties(YggdrasilUserApiService.java:129) ~[authlib-4.0.43.jar:?]
	... 9 more
[16:39:53] [Render thread/INFO] (Minecraft) Setting user: Player41
[16:39:53] [Render thread/INFO] (ShulkerBoxTooltip) [ShulkerBoxTooltip] Could not find configuration file, creating default file
[16:39:53] [Render thread/INFO] (narutomodasi) Hello Naruto world!
[16:39:53] [Render thread/INFO] (Indigo) [Indigo] Different rendering plugin detected; not applying Indigo.
[16:39:53] [Render thread/INFO] (lambdynlights) [LambDynLights] Initializing LambDynamicLights...
[16:39:53] [Render thread/INFO] (lambdynlights) [LambDynLights] Configuration loaded.
[16:39:53] [Render thread/INFO] (EMF) Loading Entity Model Features, one of the mods ever made!
[16:39:53] [Render thread/INFO] (Entity Texture Features) 6 new ETF Random Properties registered by entity_model_features.
[16:39:54] [Worker-Main-1/INFO] (Mod Menu/Update Checker) Checking mod updates...
[16:39:54] [Render thread/INFO] (Entity Texture Features) Loading Entity Texture Features, OptiFine's weirder younger half-brother that runs around making train noises.
[16:39:54] [Render thread/INFO] (Minecraft) Backend library: LWJGL version 3.3.1 SNAPSHOT
[16:39:54] [Render thread/WARN] (Sodium-NvidiaWorkarounds) Applying workaround: Prevent the NVIDIA OpenGL driver from using broken optimizations (NVIDIA_THREADED_OPTIMIZATIONS)
[16:39:54] [Render thread/INFO] (Sodium-PostlaunchChecks) OpenGL Vendor: NVIDIA Corporation
[16:39:54] [Render thread/INFO] (Sodium-PostlaunchChecks) OpenGL Renderer: NVIDIA GeForce RTX 3060/PCIe/SSE2
[16:39:54] [Render thread/INFO] (Sodium-PostlaunchChecks) OpenGL Version: 3.2.0 NVIDIA 551.61
[16:39:55] [Render thread/INFO] (Iris) Debug functionality is disabled.
[16:39:55] [Render thread/INFO] (Iris) ARB_direct_state_access detected, enabling DSA.
[16:39:55] [Render thread/INFO] (Iris) Shaders are disabled because no valid shaderpack is selected
[16:39:55] [Render thread/INFO] (Iris) Shaders are disabled
[16:39:55] [Render thread/INFO] (Iris) Hardware information:
[16:39:55] [Render thread/INFO] (Iris) CPU: 12x AMD Ryzen 5 5500 
[16:39:55] [Render thread/INFO] (Iris) GPU: NVIDIA GeForce RTX 3060/PCIe/SSE2 (Supports OpenGL 3.2.0 NVIDIA 551.61)
[16:39:55] [Render thread/INFO] (Iris) OS: Windows 10 (10.0)
[16:39:56] [Render thread/INFO] (Minecraft) Reloading ResourceManager: vanilla, fabric (fabric-dimensions-v1, fabric-registry-sync-v0, fabric-keybindings-v0, fabric-screen-handler-api-v1, fabric-api, spruceui, fabric-networking-api-v1, fabric-data-generation-api-v1, fabric-containers-v0, fabricloader, fabric-networking-v0, fabric-rendering-data-attachment-v1, iris, fabric-loot-tables-v1, fabric-resource-conditions-api-v1, fabric-item-api-v1, continuity, fabric-commands-v0, fabric-models-v0, fabric-model-loading-api-v1, shulkerboxtooltip, fabric-entity-events-v1, narutoasimod, fabric-content-registries-v0, fabric-renderer-indigo, fabric-rendering-fluids-v1, jade, fabric-renderer-api-v1, fabric-gametest-api-v1, fabric-sound-api-v1, pride, fabric-game-rule-api-v1, fabric-biome-api-v1, fabric-blockrenderlayer-v1, fabric-events-interaction-v0, fabric-screen-api-v1, fabric-api-lookup-api-v1, fabric-particles-v1, fabric-object-builder-api-v1, fabric-resource-loader-v0, fabric-transfer-api-v1, fabric-block-api-v1, cloth-config, fabric-loot-api-v2, fabric-renderer-registries-v1, lambdynlights, fabric-convention-tags-v1, entity_model_features, fabric-crash-report-info-v1, fabric-data-attachment-api-v1, fabric-api-base, fabric-command-api-v2, fabric-key-binding-api-v1, modmenu, fabric-message-api-v1, sodium, fabric-mining-level-api-v1, fabric-recipe-api-v1, fabric-rendering-v0, fabric-lifecycle-events-v1, entity_texture_features, fabric-item-group-api-v1, fabric-block-view-api-v2, fabric-client-tags-api-v1, fabric-events-lifecycle-v0, fabric-transitive-access-wideners-v1, fabric-command-api-v1, fabric-rendering-v1), file/Default-Dark-Mode-1.20-2023.7.0.zip, file/LowOnFire_1.20.1.zip, file/Icons v.1.9.1§7.zip, file/Faithful 32x - 1.20.1.zip
[16:39:56] [Worker-Main-8/INFO] (Minecraft) Found unifont_all_no_pua-15.0.06.hex, loading
[16:39:56] [Render thread/INFO] (Iris) Creating pipeline for dimension NamespacedId{namespace='minecraft', name='overworld'}
[16:39:56] [Render thread/INFO] (Jade) Start loading plugin from Jade
[16:39:56] [Render thread/INFO] (Jade) Start loading plugin from Jade
[16:39:56] [Render thread/INFO] (Jade) Start loading plugin from Jade
[16:39:56] [Realms Notification Availability checker #1/INFO] (Minecraft) Could not authorize you against Realms server: Invalid session id
[16:39:58] [Render thread/WARN] (Minecraft) Missing sound for event: minecraft:item.goat_horn.play
[16:39:58] [Render thread/WARN] (Minecraft) Missing sound for event: minecraft:entity.goat.screaming.horn_break
[16:39:58] [Render thread/INFO] (Minecraft) OpenAL initialized on device OpenAL Soft on VG279QL1A (NVIDIA High Definition Audio)
[16:39:58] [Render thread/INFO] (Minecraft) Sound engine started
[16:39:58] [Render thread/INFO] (Minecraft) Created: 2048x2048x4 minecraft:textures/atlas/blocks.png-atlas
[16:39:58] [Render thread/INFO] (Minecraft) Created: 512x512x4 minecraft:textures/atlas/signs.png-atlas
[16:39:58] [Render thread/INFO] (Minecraft) Created: 1024x1024x4 minecraft:textures/atlas/shield_patterns.png-atlas
[16:39:58] [Render thread/INFO] (Minecraft) Created: 1024x1024x4 minecraft:textures/atlas/banner_patterns.png-atlas
[16:39:58] [Render thread/INFO] (Minecraft) Created: 2048x2048x4 minecraft:textures/atlas/armor_trims.png-atlas
[16:39:58] [Render thread/INFO] (Minecraft) Created: 512x512x4 minecraft:textures/atlas/chest.png-atlas
[16:39:58] [Render thread/INFO] (Minecraft) Created: 256x128x4 minecraft:textures/atlas/decorated_pot.png-atlas
[16:39:58] [Render thread/INFO] (Minecraft) Created: 1024x512x4 minecraft:textures/atlas/shulker_boxes.png-atlas
[16:39:58] [Render thread/INFO] (Minecraft) Created: 1024x512x4 minecraft:textures/atlas/beds.png-atlas
[16:39:59] [Render thread/WARN] (Minecraft) Shader rendertype_entity_translucent_emissive could not find sampler named Sampler2 in the specified shader program.
[16:39:59] [Render thread/INFO] (Minecraft) Created: 512x512x0 minecraft:textures/atlas/particles.png-atlas
[16:39:59] [Render thread/INFO] (Minecraft) Created: 512x512x0 minecraft:textures/atlas/paintings.png-atlas
[16:39:59] [Render thread/INFO] (Minecraft) Created: 256x256x0 minecraft:textures/atlas/mob_effects.png-atlas
[16:39:59] [Render thread/INFO] (Entity Texture Features) reloading ETF data.
[16:39:59] [Render thread/INFO] (Entity Texture Features) emissive suffixes loaded: {_e}.
[16:39:59] [Render thread/INFO] (Entity Texture Features) emissive suffixes loaded: {_e}.
[16:40:03] [Render thread/INFO] (ShulkerBoxTooltip Plugins) [ShulkerBoxTooltip Plugins] Loading 1 plugin: shulkerboxtooltip
[16:40:03] [Render thread/INFO] (ShulkerBoxTooltip Plugins) [ShulkerBoxTooltip Plugins] Registered 19 color keys for mod shulkerboxtooltip
[16:40:26] [Render thread/INFO] (Minecraft) Loaded 7 recipes
[16:40:26] [Render thread/INFO] (Minecraft) Loaded 1271 advancements
[16:41:18] [Render thread/INFO] (Entity Texture Features) emissive suffixes loaded: {_e}.
[16:41:18] [Render thread/INFO] (BiomeModificationImpl) Applied 0 biome modifications to 0 of 64 new biomes in 1.660 ms
[16:41:18] [Server thread/INFO] (Minecraft) Starting integrated minecraft server version 1.20.1
[16:41:18] [Server thread/INFO] (Minecraft) Generating keypair
[16:41:19] [Server thread/INFO] (Minecraft) Preparing start region for dimension minecraft:overworld
[16:41:19] [Render thread/INFO] (Minecraft) Preparing spawn area: 0%
[16:41:19] [Render thread/INFO] (Minecraft) Preparing spawn area: 0%
[16:41:20] [Render thread/INFO] (Minecraft) Preparing spawn area: 10%
[16:41:20] [Render thread/INFO] (Minecraft) Preparing spawn area: 29%
[16:41:21] [Render thread/INFO] (Minecraft) Preparing spawn area: 47%
[16:41:21] [Render thread/INFO] (Minecraft) Preparing spawn area: 69%
[16:41:22] [Render thread/INFO] (Minecraft) Preparing spawn area: 92%
[16:41:22] [Render thread/INFO] (Minecraft) Time elapsed: 3128 ms
[16:41:22] [Server thread/INFO] (Minecraft) Changing view distance to 12, from 10
[16:41:22] [Server thread/INFO] (Minecraft) Changing simulation distance to 12, from 0
[16:41:23] [Server thread/INFO] (Minecraft) Player41[local:E:c53512b7] logged in with entity id 1 at (-8.5, 56.0, -8.5)
[16:41:23] [Server thread/INFO] (Jade) Syncing config to Player41 (1d49d7a1-2179-35b6-bce8-e6b16ddd4f41)
[16:41:23] [Render thread/INFO] (Iris) Reloading pipeline on dimension change: NamespacedId{namespace='minecraft', name='overworld'} => NamespacedId{namespace='minecraft', name='overworld'}
[16:41:23] [Render thread/INFO] (Iris) Destroying pipeline NamespacedId{namespace='minecraft', name='overworld'}
[16:41:23] [Render thread/INFO] (Iris) Creating pipeline for dimension NamespacedId{namespace='minecraft', name='overworld'}
[16:41:23] [Server thread/INFO] (Minecraft) Player41 joined the game
[16:41:23] [Render thread/INFO] (ChunkBuilder) Started 6 worker threads
[16:41:23] [Render thread/INFO] (Jade) Received config from the server: 
[16:41:23] [Render thread/INFO] (ShulkerBoxTooltip) [ShulkerBoxTooltip] Server integration enabled, attempting handshake...
[16:41:23] [Netty Server IO #1/INFO] (ShulkerBoxTooltip) [ShulkerBoxTooltip] Player41: protocol version: 2.0
[16:41:23] [Netty Local Client IO #0/INFO] (ShulkerBoxTooltip) [ShulkerBoxTooltip] Handshake succeeded
[16:41:23] [Netty Local Client IO #0/INFO] (ShulkerBoxTooltip) [ShulkerBoxTooltip] Server protocol version: 2.0
[16:41:23] [Server thread/INFO] (ShulkerBoxTooltip Plugins) [ShulkerBoxTooltip Plugins] Registered 7 providers for mod shulkerboxtooltip
[16:41:23] [Render thread/INFO] (Minecraft) Loaded 2 advancements
[16:41:31] [Server thread/INFO] (Minecraft) [Player41: Teleported Player41 to 0.500000, 56.000000, 0.500000]
[16:41:31] [Render thread/INFO] (Minecraft) [System] [CHAT] Teleported Player41 to 0.500000, 56.000000, 0.500000
[16:41:35] [Render thread/INFO] (Minecraft) Loaded 13 advancements
[16:41:41] [Render thread/INFO] (Minecraft) Loaded 14 advancements
[16:41:53] [Server thread/INFO] (Minecraft) Player41 has made the advancement [§f? §rStone Age]
[16:41:53] [Render thread/INFO] (Minecraft) [System] [CHAT] Player41 has made the advancement [§f? §rStone Age]
[16:41:53] [Render thread/INFO] (Minecraft) Loaded 40 advancements
[16:41:59] [Server thread/INFO] (Minecraft) Saving and pausing game...
[16:41:59] [Server thread/INFO] (Minecraft) Saving chunks for level 'ServerLevel[Test World]'/minecraft:overworld
[16:41:59] [Server thread/INFO] (Minecraft) Saving chunks for level 'ServerLevel[Test World]'/minecraft:the_nether
[16:41:59] [Server thread/INFO] (Minecraft) Saving chunks for level 'ServerLevel[Test World]'/minecraft:the_end
[16:42:00] [Render thread/INFO] (Minecraft) Stopping!
[16:42:00] [Server thread/INFO] (Minecraft) Player41 lost connection: Disconnected
[16:42:00] [Server thread/INFO] (Minecraft) Player41 left the game
[16:42:00] [Server thread/INFO] (Minecraft) Stopping singleplayer server as player logged out
[16:42:00] [Server thread/INFO] (Minecraft) Stopping server
[16:42:00] [Server thread/INFO] (Minecraft) Saving players
[16:42:00] [Server thread/INFO] (Minecraft) Saving worlds
[16:42:00] [Server thread/INFO] (Minecraft) Saving chunks for level 'ServerLevel[Test World]'/minecraft:overworld
[16:42:01] [Server thread/INFO] (Minecraft) Saving chunks for level 'ServerLevel[Test World]'/minecraft:the_nether
[16:42:01] [Server thread/INFO] (Minecraft) Saving chunks for level 'ServerLevel[Test World]'/minecraft:the_end
[16:42:01] [Server thread/INFO] (Minecraft) ThreadedAnvilChunkStorage (Test World): All chunks are saved
[16:42:01] [Server thread/INFO] (Minecraft) ThreadedAnvilChunkStorage (DIM-1): All chunks are saved
[16:42:01] [Server thread/INFO] (Minecraft) ThreadedAnvilChunkStorage (DIM1): All chunks are saved
[16:42:01] [Server thread/INFO] (Minecraft) ThreadedAnvilChunkStorage: All dimensions are saved
[16:42:01] [Render thread/INFO] (ChunkBuilder) Stopping worker threads
[16:42:01] [Render thread/INFO] (Entity Texture Features) emissive suffixes loaded: {_e}.
